<?xml version="1.0" encoding="UTF-8"?>
<!-- Generated by org.testng.reporters.JUnitXMLReporter -->
<testsuite ignored="0" hostname="LTIN255593" failures="0" tests="8" name="ChromeTest" time="230.765" errors="0" timestamp="2024-03-25T19:35:29 IST">
  <testcase classname="Test_Cases.TS_01_CabBooking" name="fillingDetails" time="25.132"/>
  <testcase classname="Test_Cases.TS_01_CabBooking" name="fillingDetails" time="22.614"/>
  <testcase classname="Test_Cases.TS_01_CabBooking" name="fillingDetails" time="29.035"/>
  <testcase classname="Test_Cases.TS_02_HotelAdultCount" name="noOfAdults" time="5.216"/>
  <testcase classname="Test_Cases.TS_03_GiftCard" name="switchFrame" time="0.355"/>
  <testcase classname="Test_Cases.TS_03_GiftCard" name="selectingGiftCard" time="3.076"/>
  <testcase classname="Test_Cases.TS_03_GiftCard" name="insertingData" time="2.645"/>
  <testcase classname="Test_Cases.TS_03_GiftCard" name="cpaturingErrorMessage" time="0.444"/>
</testsuite> <!-- ChromeTest -->
