<?xml version="1.0" encoding="UTF-8"?>
<!-- Generated by org.testng.reporters.JUnitXMLReporter -->
<testsuite ignored="0" hostname="LTIN255593" failures="0" tests="8" name="EdgeTest" time="225.215" errors="0" timestamp="2024-03-25T19:39:14 IST">
  <testcase classname="Test_Cases.TS_01_CabBooking" name="fillingDetails" time="23.959"/>
  <testcase classname="Test_Cases.TS_01_CabBooking" name="fillingDetails" time="21.111"/>
  <testcase classname="Test_Cases.TS_01_CabBooking" name="fillingDetails" time="30.936"/>
  <testcase classname="Test_Cases.TS_02_HotelAdultCount" name="noOfAdults" time="5.991"/>
  <testcase classname="Test_Cases.TS_03_GiftCard" name="switchFrame" time="1.336"/>
  <testcase classname="Test_Cases.TS_03_GiftCard" name="selectingGiftCard" time="1.858"/>
  <testcase classname="Test_Cases.TS_03_GiftCard" name="insertingData" time="2.893"/>
  <testcase classname="Test_Cases.TS_03_GiftCard" name="cpaturingErrorMessage" time="0.559"/>
</testsuite> <!-- EdgeTest -->
