<?xml version="1.0" encoding="UTF-8"?>
<!-- Generated by org.testng.reporters.JUnitXMLReporter -->
<testsuite ignored="0" hostname="LTIN255593" failures="0" tests="5" name="Test" time="77.21" errors="0" timestamp="2024-03-18T16:53:27 IST">
  <testcase classname="Test_Cases.TS_01_CabBooking" name="popupHandle" time="2.041"/>
  <testcase classname="Test_Cases.TS_01_CabBooking" name="fillingDetails" time="38.346"/>
  <testcase classname="Test_Cases.TS_01_CabBooking" name="minSUVPrice" time="0.437"/>
  <testcase classname="Test_Cases.TS_02_HotelAdultCount" name="popupHandle" time="1.769"/>
  <testcase classname="Test_Cases.TS_02_HotelAdultCount" name="noOfAdults" time="4.161"/>
</testsuite> <!-- Test -->
