<?xml version="1.0" encoding="UTF-8"?>
<testng-results ignored="0" total="16" passed="16" failed="0" skipped="0">
  <reporter-output>
  </reporter-output>
  <suite started-at="2024-03-25T19:31:36 IST" name="Suite" finished-at="2024-03-25T19:39:14 IST" duration-ms="458264">
    <groups>
      <group name="regression">
        <method signature="TS_03_GiftCard.switchFrame()[pri:1, instance:Test_Cases.TS_03_GiftCard@4d1c00d0]" name="switchFrame" class="Test_Cases.TS_03_GiftCard"/>
        <method signature="TS_03_GiftCard.selectingGiftCard()[pri:2, instance:Test_Cases.TS_03_GiftCard@4d1c00d0]" name="selectingGiftCard" class="Test_Cases.TS_03_GiftCard"/>
        <method signature="TS_03_GiftCard.insertingData()[pri:3, instance:Test_Cases.TS_03_GiftCard@4d1c00d0]" name="insertingData" class="Test_Cases.TS_03_GiftCard"/>
        <method signature="TS_03_GiftCard.cpaturingErrorMessage()[pri:4, instance:Test_Cases.TS_03_GiftCard@4d1c00d0]" name="cpaturingErrorMessage" class="Test_Cases.TS_03_GiftCard"/>
        <method signature="TS_02_HotelAdultCount.noOfAdults()[pri:0, instance:Test_Cases.TS_02_HotelAdultCount@3c9754d8]" name="noOfAdults" class="Test_Cases.TS_02_HotelAdultCount"/>
        <method signature="TS_01_CabBooking.fillingDetails(java.lang.String,java.lang.String,java.lang.String,java.lang.String,java.lang.String)[pri:1, instance:Test_Cases.TS_01_CabBooking@62ddbd7e]" name="fillingDetails" class="Test_Cases.TS_01_CabBooking"/>
        <method signature="TS_03_GiftCard.switchFrame()[pri:1, instance:Test_Cases.TS_03_GiftCard@13b6aecc]" name="switchFrame" class="Test_Cases.TS_03_GiftCard"/>
        <method signature="TS_03_GiftCard.selectingGiftCard()[pri:2, instance:Test_Cases.TS_03_GiftCard@13b6aecc]" name="selectingGiftCard" class="Test_Cases.TS_03_GiftCard"/>
        <method signature="TS_03_GiftCard.insertingData()[pri:3, instance:Test_Cases.TS_03_GiftCard@13b6aecc]" name="insertingData" class="Test_Cases.TS_03_GiftCard"/>
        <method signature="TS_03_GiftCard.cpaturingErrorMessage()[pri:4, instance:Test_Cases.TS_03_GiftCard@13b6aecc]" name="cpaturingErrorMessage" class="Test_Cases.TS_03_GiftCard"/>
        <method signature="TS_02_HotelAdultCount.noOfAdults()[pri:0, instance:Test_Cases.TS_02_HotelAdultCount@7d8704ef]" name="noOfAdults" class="Test_Cases.TS_02_HotelAdultCount"/>
        <method signature="TS_01_CabBooking.fillingDetails(java.lang.String,java.lang.String,java.lang.String,java.lang.String,java.lang.String)[pri:1, instance:Test_Cases.TS_01_CabBooking@17f7cd29]" name="fillingDetails" class="Test_Cases.TS_01_CabBooking"/>
      </group> <!-- regression -->
      <group name="sanity">
        <method signature="TS_01_CabBooking.fillingDetails(java.lang.String,java.lang.String,java.lang.String,java.lang.String,java.lang.String)[pri:1, instance:Test_Cases.TS_01_CabBooking@62ddbd7e]" name="fillingDetails" class="Test_Cases.TS_01_CabBooking"/>
        <method signature="TS_01_CabBooking.fillingDetails(java.lang.String,java.lang.String,java.lang.String,java.lang.String,java.lang.String)[pri:1, instance:Test_Cases.TS_01_CabBooking@17f7cd29]" name="fillingDetails" class="Test_Cases.TS_01_CabBooking"/>
      </group> <!-- sanity -->
    </groups>
    <test started-at="2024-03-25T19:31:36 IST" name="ChromeTest" finished-at="2024-03-25T19:35:26 IST" duration-ms="230765">
      <class name="Test_Cases.TS_02_HotelAdultCount">
        <test-method is-config="true" signature="setup(java.lang.String)[pri:0, instance:Test_Cases.TS_02_HotelAdultCount@3c9754d8]" started-at="2024-03-25T19:33:47 IST" name="setup" finished-at="2024-03-25T19:34:04 IST" duration-ms="16404" status="PASS">
          <params>
            <param index="0">
              <value>
                <![CDATA[chrome]]>
              </value>
            </param>
          </params>
          <reporter-output>
          </reporter-output>
        </test-method> <!-- setup -->
        <test-method is-config="true" signature="popupHandle()[pri:0, instance:Test_Cases.TS_02_HotelAdultCount@3c9754d8]" started-at="2024-03-25T19:34:04 IST" name="popupHandle" finished-at="2024-03-25T19:34:11 IST" duration-ms="7605" status="PASS">
          <reporter-output>
          </reporter-output>
        </test-method> <!-- popupHandle -->
        <test-method signature="noOfAdults()[pri:0, instance:Test_Cases.TS_02_HotelAdultCount@3c9754d8]" started-at="2024-03-25T19:34:11 IST" name="noOfAdults" finished-at="2024-03-25T19:34:16 IST" duration-ms="5216" status="PASS">
          <reporter-output>
          </reporter-output>
        </test-method> <!-- noOfAdults -->
        <test-method is-config="true" signature="complete()[pri:0, instance:Test_Cases.TS_02_HotelAdultCount@3c9754d8]" started-at="2024-03-25T19:34:17 IST" name="complete" finished-at="2024-03-25T19:34:21 IST" duration-ms="4460" status="PASS">
          <reporter-output>
          </reporter-output>
        </test-method> <!-- complete -->
      </class> <!-- Test_Cases.TS_02_HotelAdultCount -->
      <class name="Test_Cases.TS_03_GiftCard">
        <test-method is-config="true" signature="setup(java.lang.String)[pri:0, instance:Test_Cases.TS_03_GiftCard@4d1c00d0]" started-at="2024-03-25T19:34:21 IST" name="setup" finished-at="2024-03-25T19:34:33 IST" duration-ms="11658" status="PASS">
          <params>
            <param index="0">
              <value>
                <![CDATA[chrome]]>
              </value>
            </param>
          </params>
          <reporter-output>
          </reporter-output>
        </test-method> <!-- setup -->
        <test-method is-config="true" signature="popupHandle()[pri:0, instance:Test_Cases.TS_03_GiftCard@4d1c00d0]" started-at="2024-03-25T19:34:33 IST" name="popupHandle" finished-at="2024-03-25T19:34:41 IST" duration-ms="8062" status="PASS">
          <reporter-output>
          </reporter-output>
        </test-method> <!-- popupHandle -->
        <test-method signature="switchFrame()[pri:1, instance:Test_Cases.TS_03_GiftCard@4d1c00d0]" started-at="2024-03-25T19:34:41 IST" name="switchFrame" finished-at="2024-03-25T19:34:41 IST" duration-ms="355" status="PASS">
          <reporter-output>
          </reporter-output>
        </test-method> <!-- switchFrame -->
        <test-method is-config="true" signature="popupHandle()[pri:0, instance:Test_Cases.TS_03_GiftCard@4d1c00d0]" started-at="2024-03-25T19:34:44 IST" name="popupHandle" finished-at="2024-03-25T19:34:55 IST" duration-ms="10104" status="PASS">
          <reporter-output>
          </reporter-output>
        </test-method> <!-- popupHandle -->
        <test-method signature="selectingGiftCard()[pri:2, instance:Test_Cases.TS_03_GiftCard@4d1c00d0]" started-at="2024-03-25T19:34:55 IST" name="selectingGiftCard" finished-at="2024-03-25T19:34:58 IST" depends-on-methods="Test_Cases.TS_03_GiftCard.switchFrame" duration-ms="3076" status="PASS">
          <reporter-output>
          </reporter-output>
        </test-method> <!-- selectingGiftCard -->
        <test-method is-config="true" signature="popupHandle()[pri:0, instance:Test_Cases.TS_03_GiftCard@4d1c00d0]" started-at="2024-03-25T19:34:58 IST" name="popupHandle" finished-at="2024-03-25T19:35:08 IST" duration-ms="10096" status="PASS">
          <reporter-output>
          </reporter-output>
        </test-method> <!-- popupHandle -->
        <test-method signature="insertingData()[pri:3, instance:Test_Cases.TS_03_GiftCard@4d1c00d0]" started-at="2024-03-25T19:35:08 IST" name="insertingData" finished-at="2024-03-25T19:35:11 IST" depends-on-methods="Test_Cases.TS_03_GiftCard.selectingGiftCard" duration-ms="2645" status="PASS">
          <reporter-output>
          </reporter-output>
        </test-method> <!-- insertingData -->
        <test-method is-config="true" signature="popupHandle()[pri:0, instance:Test_Cases.TS_03_GiftCard@4d1c00d0]" started-at="2024-03-25T19:35:11 IST" name="popupHandle" finished-at="2024-03-25T19:35:21 IST" duration-ms="10048" status="PASS">
          <reporter-output>
          </reporter-output>
        </test-method> <!-- popupHandle -->
        <test-method signature="cpaturingErrorMessage()[pri:4, instance:Test_Cases.TS_03_GiftCard@4d1c00d0]" started-at="2024-03-25T19:35:21 IST" name="cpaturingErrorMessage" finished-at="2024-03-25T19:35:22 IST" depends-on-methods="Test_Cases.TS_03_GiftCard.insertingData" duration-ms="444" status="PASS">
          <reporter-output>
          </reporter-output>
        </test-method> <!-- cpaturingErrorMessage -->
        <test-method is-config="true" signature="complete()[pri:0, instance:Test_Cases.TS_03_GiftCard@4d1c00d0]" started-at="2024-03-25T19:35:22 IST" name="complete" finished-at="2024-03-25T19:35:26 IST" duration-ms="4440" status="PASS">
          <reporter-output>
          </reporter-output>
        </test-method> <!-- complete -->
      </class> <!-- Test_Cases.TS_03_GiftCard -->
      <class name="Test_Cases.TS_01_CabBooking">
        <test-method is-config="true" signature="setup(java.lang.String)[pri:0, instance:Test_Cases.TS_01_CabBooking@62ddbd7e]" started-at="2024-03-25T19:31:37 IST" name="setup" finished-at="2024-03-25T19:31:56 IST" duration-ms="19143" status="PASS">
          <params>
            <param index="0">
              <value>
                <![CDATA[chrome]]>
              </value>
            </param>
          </params>
          <reporter-output>
          </reporter-output>
        </test-method> <!-- setup -->
        <test-method is-config="true" signature="popupHandle()[pri:0, instance:Test_Cases.TS_01_CabBooking@62ddbd7e]" started-at="2024-03-25T19:32:02 IST" name="popupHandle" finished-at="2024-03-25T19:32:07 IST" duration-ms="4662" status="PASS">
          <reporter-output>
          </reporter-output>
        </test-method> <!-- popupHandle -->
        <test-method signature="fillingDetails(java.lang.String,java.lang.String,java.lang.String,java.lang.String,java.lang.String)[pri:1, instance:Test_Cases.TS_01_CabBooking@62ddbd7e]" started-at="2024-03-25T19:32:07 IST" name="fillingDetails" data-provider="DataInput" finished-at="2024-03-25T19:32:32 IST" duration-ms="25132" status="PASS">
          <params>
            <param index="0">
              <value>
                <![CDATA[Delhi]]>
              </value>
            </param>
            <param index="1">
              <value>
                <![CDATA[Manali]]>
              </value>
            </param>
            <param index="2">
              <value>
                <![CDATA[1-May]]>
              </value>
            </param>
            <param index="3">
              <value>
                <![CDATA[6:30]]>
              </value>
            </param>
            <param index="4">
              <value>
                <![CDATA[AM]]>
              </value>
            </param>
          </params>
          <reporter-output>
          </reporter-output>
        </test-method> <!-- fillingDetails -->
        <test-method is-config="true" signature="popupHandle()[pri:0, instance:Test_Cases.TS_01_CabBooking@62ddbd7e]" started-at="2024-03-25T19:32:33 IST" name="popupHandle" finished-at="2024-03-25T19:32:38 IST" duration-ms="5094" status="PASS">
          <reporter-output>
          </reporter-output>
        </test-method> <!-- popupHandle -->
        <test-method signature="fillingDetails(java.lang.String,java.lang.String,java.lang.String,java.lang.String,java.lang.String)[pri:1, instance:Test_Cases.TS_01_CabBooking@62ddbd7e]" started-at="2024-03-25T19:32:38 IST" name="fillingDetails" data-provider="DataInput" finished-at="2024-03-25T19:33:01 IST" duration-ms="22614" status="PASS">
          <params>
            <param index="0">
              <value>
                <![CDATA[Pune]]>
              </value>
            </param>
            <param index="1">
              <value>
                <![CDATA[Mumbai]]>
              </value>
            </param>
            <param index="2">
              <value>
                <![CDATA[11-May]]>
              </value>
            </param>
            <param index="3">
              <value>
                <![CDATA[7:45]]>
              </value>
            </param>
            <param index="4">
              <value>
                <![CDATA[PM]]>
              </value>
            </param>
          </params>
          <reporter-output>
          </reporter-output>
        </test-method> <!-- fillingDetails -->
        <test-method is-config="true" signature="popupHandle()[pri:0, instance:Test_Cases.TS_01_CabBooking@62ddbd7e]" started-at="2024-03-25T19:33:02 IST" name="popupHandle" finished-at="2024-03-25T19:33:12 IST" duration-ms="10150" status="PASS">
          <reporter-output>
          </reporter-output>
        </test-method> <!-- popupHandle -->
        <test-method signature="fillingDetails(java.lang.String,java.lang.String,java.lang.String,java.lang.String,java.lang.String)[pri:1, instance:Test_Cases.TS_01_CabBooking@62ddbd7e]" started-at="2024-03-25T19:33:12 IST" name="fillingDetails" data-provider="DataInput" finished-at="2024-03-25T19:33:41 IST" duration-ms="29035" status="PASS">
          <params>
            <param index="0">
              <value>
                <![CDATA[Kolkata]]>
              </value>
            </param>
            <param index="1">
              <value>
                <![CDATA[Shimla]]>
              </value>
            </param>
            <param index="2">
              <value>
                <![CDATA[20-Jun]]>
              </value>
            </param>
            <param index="3">
              <value>
                <![CDATA[11:15]]>
              </value>
            </param>
            <param index="4">
              <value>
                <![CDATA[AM]]>
              </value>
            </param>
          </params>
          <reporter-output>
          </reporter-output>
        </test-method> <!-- fillingDetails -->
        <test-method is-config="true" signature="complete()[pri:0, instance:Test_Cases.TS_01_CabBooking@62ddbd7e]" started-at="2024-03-25T19:33:42 IST" name="complete" finished-at="2024-03-25T19:33:47 IST" duration-ms="5364" status="PASS">
          <reporter-output>
          </reporter-output>
        </test-method> <!-- complete -->
      </class> <!-- Test_Cases.TS_01_CabBooking -->
    </test> <!-- ChromeTest -->
    <test started-at="2024-03-25T19:35:29 IST" name="EdgeTest" finished-at="2024-03-25T19:39:14 IST" duration-ms="225215">
      <class name="Test_Cases.TS_02_HotelAdultCount">
        <test-method is-config="true" signature="setup(java.lang.String)[pri:0, instance:Test_Cases.TS_02_HotelAdultCount@7d8704ef]" started-at="2024-03-25T19:37:35 IST" name="setup" finished-at="2024-03-25T19:37:49 IST" duration-ms="14040" status="PASS">
          <params>
            <param index="0">
              <value>
                <![CDATA[edge]]>
              </value>
            </param>
          </params>
          <reporter-output>
          </reporter-output>
        </test-method> <!-- setup -->
        <test-method is-config="true" signature="popupHandle()[pri:0, instance:Test_Cases.TS_02_HotelAdultCount@7d8704ef]" started-at="2024-03-25T19:37:49 IST" name="popupHandle" finished-at="2024-03-25T19:37:56 IST" duration-ms="7016" status="PASS">
          <reporter-output>
          </reporter-output>
        </test-method> <!-- popupHandle -->
        <test-method signature="noOfAdults()[pri:0, instance:Test_Cases.TS_02_HotelAdultCount@7d8704ef]" started-at="2024-03-25T19:37:56 IST" name="noOfAdults" finished-at="2024-03-25T19:38:02 IST" duration-ms="5991" status="PASS">
          <reporter-output>
          </reporter-output>
        </test-method> <!-- noOfAdults -->
        <test-method is-config="true" signature="complete()[pri:0, instance:Test_Cases.TS_02_HotelAdultCount@7d8704ef]" started-at="2024-03-25T19:38:02 IST" name="complete" finished-at="2024-03-25T19:38:08 IST" duration-ms="5361" status="PASS">
          <reporter-output>
          </reporter-output>
        </test-method> <!-- complete -->
      </class> <!-- Test_Cases.TS_02_HotelAdultCount -->
      <class name="Test_Cases.TS_03_GiftCard">
        <test-method is-config="true" signature="setup(java.lang.String)[pri:0, instance:Test_Cases.TS_03_GiftCard@13b6aecc]" started-at="2024-03-25T19:38:08 IST" name="setup" finished-at="2024-03-25T19:38:21 IST" duration-ms="13284" status="PASS">
          <params>
            <param index="0">
              <value>
                <![CDATA[edge]]>
              </value>
            </param>
          </params>
          <reporter-output>
          </reporter-output>
        </test-method> <!-- setup -->
        <test-method is-config="true" signature="popupHandle()[pri:0, instance:Test_Cases.TS_03_GiftCard@13b6aecc]" started-at="2024-03-25T19:38:21 IST" name="popupHandle" finished-at="2024-03-25T19:38:27 IST" duration-ms="6235" status="PASS">
          <reporter-output>
          </reporter-output>
        </test-method> <!-- popupHandle -->
        <test-method signature="switchFrame()[pri:1, instance:Test_Cases.TS_03_GiftCard@13b6aecc]" started-at="2024-03-25T19:38:27 IST" name="switchFrame" finished-at="2024-03-25T19:38:29 IST" duration-ms="1336" status="PASS">
          <reporter-output>
          </reporter-output>
        </test-method> <!-- switchFrame -->
        <test-method is-config="true" signature="popupHandle()[pri:0, instance:Test_Cases.TS_03_GiftCard@13b6aecc]" started-at="2024-03-25T19:38:32 IST" name="popupHandle" finished-at="2024-03-25T19:38:42 IST" duration-ms="10030" status="PASS">
          <reporter-output>
          </reporter-output>
        </test-method> <!-- popupHandle -->
        <test-method signature="selectingGiftCard()[pri:2, instance:Test_Cases.TS_03_GiftCard@13b6aecc]" started-at="2024-03-25T19:38:42 IST" name="selectingGiftCard" finished-at="2024-03-25T19:38:44 IST" depends-on-methods="Test_Cases.TS_03_GiftCard.switchFrame" duration-ms="1858" status="PASS">
          <reporter-output>
          </reporter-output>
        </test-method> <!-- selectingGiftCard -->
        <test-method is-config="true" signature="popupHandle()[pri:0, instance:Test_Cases.TS_03_GiftCard@13b6aecc]" started-at="2024-03-25T19:38:44 IST" name="popupHandle" finished-at="2024-03-25T19:38:54 IST" duration-ms="10026" status="PASS">
          <reporter-output>
          </reporter-output>
        </test-method> <!-- popupHandle -->
        <test-method signature="insertingData()[pri:3, instance:Test_Cases.TS_03_GiftCard@13b6aecc]" started-at="2024-03-25T19:38:54 IST" name="insertingData" finished-at="2024-03-25T19:38:57 IST" depends-on-methods="Test_Cases.TS_03_GiftCard.selectingGiftCard" duration-ms="2893" status="PASS">
          <reporter-output>
          </reporter-output>
        </test-method> <!-- insertingData -->
        <test-method is-config="true" signature="popupHandle()[pri:0, instance:Test_Cases.TS_03_GiftCard@13b6aecc]" started-at="2024-03-25T19:38:57 IST" name="popupHandle" finished-at="2024-03-25T19:39:08 IST" duration-ms="10082" status="PASS">
          <reporter-output>
          </reporter-output>
        </test-method> <!-- popupHandle -->
        <test-method signature="cpaturingErrorMessage()[pri:4, instance:Test_Cases.TS_03_GiftCard@13b6aecc]" started-at="2024-03-25T19:39:08 IST" name="cpaturingErrorMessage" finished-at="2024-03-25T19:39:08 IST" depends-on-methods="Test_Cases.TS_03_GiftCard.insertingData" duration-ms="559" status="PASS">
          <reporter-output>
          </reporter-output>
        </test-method> <!-- cpaturingErrorMessage -->
        <test-method is-config="true" signature="complete()[pri:0, instance:Test_Cases.TS_03_GiftCard@13b6aecc]" started-at="2024-03-25T19:39:08 IST" name="complete" finished-at="2024-03-25T19:39:14 IST" duration-ms="5525" status="PASS">
          <reporter-output>
          </reporter-output>
        </test-method> <!-- complete -->
      </class> <!-- Test_Cases.TS_03_GiftCard -->
      <class name="Test_Cases.TS_01_CabBooking">
        <test-method is-config="true" signature="setup(java.lang.String)[pri:0, instance:Test_Cases.TS_01_CabBooking@17f7cd29]" started-at="2024-03-25T19:35:29 IST" name="setup" finished-at="2024-03-25T19:35:47 IST" duration-ms="17984" status="PASS">
          <params>
            <param index="0">
              <value>
                <![CDATA[edge]]>
              </value>
            </param>
          </params>
          <reporter-output>
          </reporter-output>
        </test-method> <!-- setup -->
        <test-method is-config="true" signature="popupHandle()[pri:0, instance:Test_Cases.TS_01_CabBooking@17f7cd29]" started-at="2024-03-25T19:35:50 IST" name="popupHandle" finished-at="2024-03-25T19:35:54 IST" duration-ms="4410" status="PASS">
          <reporter-output>
          </reporter-output>
        </test-method> <!-- popupHandle -->
        <test-method signature="fillingDetails(java.lang.String,java.lang.String,java.lang.String,java.lang.String,java.lang.String)[pri:1, instance:Test_Cases.TS_01_CabBooking@17f7cd29]" started-at="2024-03-25T19:35:54 IST" name="fillingDetails" data-provider="DataInput" finished-at="2024-03-25T19:36:18 IST" duration-ms="23959" status="PASS">
          <params>
            <param index="0">
              <value>
                <![CDATA[Delhi]]>
              </value>
            </param>
            <param index="1">
              <value>
                <![CDATA[Manali]]>
              </value>
            </param>
            <param index="2">
              <value>
                <![CDATA[1-May]]>
              </value>
            </param>
            <param index="3">
              <value>
                <![CDATA[6:30]]>
              </value>
            </param>
            <param index="4">
              <value>
                <![CDATA[AM]]>
              </value>
            </param>
          </params>
          <reporter-output>
          </reporter-output>
        </test-method> <!-- fillingDetails -->
        <test-method is-config="true" signature="popupHandle()[pri:0, instance:Test_Cases.TS_01_CabBooking@17f7cd29]" started-at="2024-03-25T19:36:19 IST" name="popupHandle" finished-at="2024-03-25T19:36:24 IST" duration-ms="4744" status="PASS">
          <reporter-output>
          </reporter-output>
        </test-method> <!-- popupHandle -->
        <test-method signature="fillingDetails(java.lang.String,java.lang.String,java.lang.String,java.lang.String,java.lang.String)[pri:1, instance:Test_Cases.TS_01_CabBooking@17f7cd29]" started-at="2024-03-25T19:36:24 IST" name="fillingDetails" data-provider="DataInput" finished-at="2024-03-25T19:36:45 IST" duration-ms="21111" status="PASS">
          <params>
            <param index="0">
              <value>
                <![CDATA[Pune]]>
              </value>
            </param>
            <param index="1">
              <value>
                <![CDATA[Mumbai]]>
              </value>
            </param>
            <param index="2">
              <value>
                <![CDATA[11-May]]>
              </value>
            </param>
            <param index="3">
              <value>
                <![CDATA[7:45]]>
              </value>
            </param>
            <param index="4">
              <value>
                <![CDATA[PM]]>
              </value>
            </param>
          </params>
          <reporter-output>
          </reporter-output>
        </test-method> <!-- fillingDetails -->
        <test-method is-config="true" signature="popupHandle()[pri:0, instance:Test_Cases.TS_01_CabBooking@17f7cd29]" started-at="2024-03-25T19:36:46 IST" name="popupHandle" finished-at="2024-03-25T19:36:56 IST" duration-ms="10121" status="PASS">
          <reporter-output>
          </reporter-output>
        </test-method> <!-- popupHandle -->
        <test-method signature="fillingDetails(java.lang.String,java.lang.String,java.lang.String,java.lang.String,java.lang.String)[pri:1, instance:Test_Cases.TS_01_CabBooking@17f7cd29]" started-at="2024-03-25T19:36:56 IST" name="fillingDetails" data-provider="DataInput" finished-at="2024-03-25T19:37:27 IST" duration-ms="30936" status="PASS">
          <params>
            <param index="0">
              <value>
                <![CDATA[Kolkata]]>
              </value>
            </param>
            <param index="1">
              <value>
                <![CDATA[Shimla]]>
              </value>
            </param>
            <param index="2">
              <value>
                <![CDATA[20-Jun]]>
              </value>
            </param>
            <param index="3">
              <value>
                <![CDATA[11:15]]>
              </value>
            </param>
            <param index="4">
              <value>
                <![CDATA[AM]]>
              </value>
            </param>
          </params>
          <reporter-output>
          </reporter-output>
        </test-method> <!-- fillingDetails -->
        <test-method is-config="true" signature="complete()[pri:0, instance:Test_Cases.TS_01_CabBooking@17f7cd29]" started-at="2024-03-25T19:37:28 IST" name="complete" finished-at="2024-03-25T19:37:35 IST" duration-ms="6899" status="PASS">
          <reporter-output>
          </reporter-output>
        </test-method> <!-- complete -->
      </class> <!-- Test_Cases.TS_01_CabBooking -->
    </test> <!-- EdgeTest -->
  </suite> <!-- Suite -->
</testng-results>
